<?xml version="1.0" encoding="UTF-8"?>
<testsuite name="TestSuite" time="0.802" tests="2" errors="0" skipped="0" failures="1">
  <properties>
[...]
</properties>
  <testcase name="Check_connection" classname="AEDU.Testcases.StudentAdmission" time="0.754"/>
  <testcase name="Sucessful_login" classname="AEDU.Testcases.StudentAdmission" time="0.048">
    <failure type="java.lang.NullPointerException:"><![CDATA[java.lang.NullPointerException: null
	at org.openqa.selenium.interactions.Actions.<init>(Actions.java:41)
	at AEDU.Pages.StudentInformation.StudentInformation(StudentInformation.java:62)
	at AEDU.Testcases.StudentAdmission.Sucessful_login(StudentAdmission.java:14)
]]></failure>
  </testcase>
</testsuite>