<?xml version="1.0" encoding="UTF-8"?>
<testng-results total="2" passed="1" failed="1" skipped="0">
  <reporter-output>
  </reporter-output>
  <suite started-at="2020-01-25T07:39:08Z" name="Regression suite" finished-at="2020-01-25T07:39:09Z" duration-ms="890">
    <groups>
    </groups>
    <test started-at="2020-01-25T07:39:08Z" name="LoginTest" finished-at="2020-01-25T07:39:09Z" duration-ms="890">
      <class name="AEDU.Testcases.StudentAdmission">
        <test-method is-config="true" signature="initialize()[pri:0, instance:AEDU.Testcases.StudentAdmission@2e4b8173]" started-at="2020-01-25T13:09:08Z" name="initialize" finished-at="2020-01-25T13:09:08Z" duration-ms="56" status="PASS">
          <reporter-output>
          </reporter-output>
        </test-method> <!-- initialize -->
        <test-method signature="Check_connection()[pri:0, instance:AEDU.Testcases.StudentAdmission@2e4b8173]" started-at="2020-01-25T13:09:08Z" name="Check_connection" finished-at="2020-01-25T13:09:08Z" duration-ms="753" status="PASS">
          <reporter-output>
          </reporter-output>
        </test-method> <!-- Check_connection -->
        <test-method is-config="true" signature="initialize()[pri:0, instance:AEDU.Testcases.StudentAdmission@2e4b8173]" started-at="2020-01-25T13:09:08Z" name="initialize" finished-at="2020-01-25T13:09:08Z" duration-ms="1" status="PASS">
          <reporter-output>
          </reporter-output>
        </test-method> <!-- initialize -->
        <test-method signature="Sucessful_login()[pri:0, instance:AEDU.Testcases.StudentAdmission@2e4b8173]" started-at="2020-01-25T13:09:08Z" name="Sucessful_login" finished-at="2020-01-25T13:09:09Z" duration-ms="39" status="FAIL">
          <exception class="java.lang.NullPointerException">
            <full-stacktrace>
              <![CDATA[java.lang.NullPointerException
	at org.openqa.selenium.interactions.Actions.<init>(Actions.java:41)
	at AEDU.Pages.StudentInformation.StudentInformation(StudentInformation.java:62)
	at AEDU.Testcases.StudentAdmission.Sucessful_login(StudentAdmission.java:14)
	at java.base/jdk.internal.reflect.NativeMethodAccessorImpl.invoke0(Native Method)
	at java.base/jdk.internal.reflect.NativeMethodAccessorImpl.invoke(NativeMethodAccessorImpl.java:62)
	at java.base/jdk.internal.reflect.DelegatingMethodAccessorImpl.invoke(DelegatingMethodAccessorImpl.java:43)
	at java.base/java.lang.reflect.Method.invoke(Method.java:566)
	at org.testng.internal.MethodInvocationHelper.invokeMethod(MethodInvocationHelper.java:80)
	at org.testng.internal.Invoker.invokeMethod(Invoker.java:714)
	at org.testng.internal.Invoker.invokeTestMethod(Invoker.java:901)
	at org.testng.internal.Invoker.invokeTestMethods(Invoker.java:1231)
	at org.testng.internal.TestMethodWorker.invokeTestMethods(TestMethodWorker.java:127)
	at org.testng.internal.TestMethodWorker.run(TestMethodWorker.java:111)
	at org.testng.TestRunner.privateRun(TestRunner.java:767)
	at org.testng.TestRunner.run(TestRunner.java:617)
	at org.testng.SuiteRunner.runTest(SuiteRunner.java:334)
	at org.testng.SuiteRunner.runSequentially(SuiteRunner.java:329)
	at org.testng.SuiteRunner.privateRun(SuiteRunner.java:291)
	at org.testng.SuiteRunner.run(SuiteRunner.java:240)
	at org.testng.SuiteRunnerWorker.runSuite(SuiteRunnerWorker.java:52)
	at org.testng.SuiteRunnerWorker.run(SuiteRunnerWorker.java:86)
	at org.testng.TestNG.runSuitesSequentially(TestNG.java:1198)
	at org.testng.TestNG.runSuitesLocally(TestNG.java:1123)
	at org.testng.TestNG.run(TestNG.java:1031)
	at org.apache.maven.surefire.testng.TestNGExecutor.run(TestNGExecutor.java:217)
	at org.apache.maven.surefire.testng.TestNGXmlTestSuite.execute(TestNGXmlTestSuite.java:84)
	at org.apache.maven.surefire.testng.TestNGProvider.invoke(TestNGProvider.java:92)
	at org.apache.maven.surefire.booter.ForkedBooter.invokeProviderInSameClassLoader(ForkedBooter.java:200)
	at org.apache.maven.surefire.booter.ForkedBooter.runSuitesInProcess(ForkedBooter.java:153)
	at org.apache.maven.surefire.booter.ForkedBooter.main(ForkedBooter.java:103)
]]>
            </full-stacktrace>
          </exception> <!-- java.lang.NullPointerException -->
          <reporter-output>
          </reporter-output>
        </test-method> <!-- Sucessful_login -->
      </class> <!-- AEDU.Testcases.StudentAdmission -->
    </test> <!-- LoginTest -->
  </suite> <!-- Regression suite -->
</testng-results>
